Species Aeromonas_veronii
113 species_details/Aeromonas_veronii
113 species_details/Aeromonas_veronii_filtered
Species Bacillus_anthracis
410 species_details/Bacillus_anthracis
410 species_details/Bacillus_anthracis_filtered
Species Bacillus_cereus
799 species_details/Bacillus_cereus
799 species_details/Bacillus_cereus_filtered
Species Bacillus_globisporus
0 species_details/Bacillus_globisporus
0 species_details/Bacillus_globisporus_filtered
Species Bacillus_psychrophilus
1 species_details/Bacillus_psychrophilus
1 species_details/Bacillus_psychrophilus_filtered
Species Bordetella_bronchiseptica
28 species_details/Bordetella_bronchiseptica
28 species_details/Bordetella_bronchiseptica_filtered
Species Bordetella_parapertussis
9 species_details/Bordetella_parapertussis
9 species_details/Bordetella_parapertussis_filtered
Species Bordetella_pertussis
40 species_details/Bordetella_pertussis
40 species_details/Bordetella_pertussis_filtered
Species Burkholderia_cocovenenans
0 species_details/Burkholderia_cocovenenans
0 species_details/Burkholderia_cocovenenans_filtered
Species Burkholderia_gladioli
43 species_details/Burkholderia_gladioli
43 species_details/Burkholderia_gladioli_filtered
Species Burkholderia_pseudomallei
87 species_details/Burkholderia_pseudomallei
87 species_details/Burkholderia_pseudomallei_filtered
Species Burkholderia_thailandensis
30 species_details/Burkholderia_thailandensis
30 species_details/Burkholderia_thailandensis_filtered
Species Campylobacter_jejuni
122 species_details/Campylobacter_jejuni
122 species_details/Campylobacter_jejuni_filtered
Species Edwardsiella_tarda
89 species_details/Edwardsiella_tarda
89 species_details/Edwardsiella_tarda_filtered
Species Edwardsiella_hoshinae
2 species_details/Edwardsiella_hoshinae
2 species_details/Edwardsiella_hoshinae_filtered
Species Edwardsiella_ictaluri
33 species_details/Edwardsiella_ictaluri
33 species_details/Edwardsiella_ictaluri_filtered
Species Enterobacter_cloacae
529 species_details/Enterobacter_cloacae
529 species_details/Enterobacter_cloacae_filtered
Species Neisseria_cinerea
3 species_details/Neisseria_cinerea
3 species_details/Neisseria_cinerea_filtered
Species Neisseria_meningitidis
158 species_details/Neisseria_meningitidis
158 species_details/Neisseria_meningitidis_filtered
Species Pseudomonas_fluorescens
478 species_details/Pseudomonas_fluorescens
478 species_details/Pseudomonas_fluorescens_filtered
Species Pseudomonas_jessenii
30 species_details/Pseudomonas_jessenii
30 species_details/Pseudomonas_jessenii_filtered
Species Streptococcus_mitis
48 species_details/Streptococcus_mitis
48 species_details/Streptococcus_mitis_filtered
Species Streptococcus_oralis
33 species_details/Streptococcus_oralis
33 species_details/Streptococcus_oralis_filtered
Species Streptococcus_pneumoniae
179 species_details/Streptococcus_pneumoniae
179 species_details/Streptococcus_pneumoniae_filtered
Genus Aeromonas
1572 genus_details/Aeromonas
1572 genus_details/Aeromonas_filtered
Genus Bacillus
12542 genus_details/Bacillus
12542 genus_details/Bacillus_filtered
Genus Bordetella
389 genus_details/Bordetella
389 genus_details/Bordetella_filtered
Genus Burkholderia
25837 genus_details/Burkholderia
25837 genus_details/Burkholderia_filtered
Genus Campylobacter
4267 genus_details/Campylobacter
4267 genus_details/Campylobacter_filtered
Genus Edwardsiella
147 genus_details/Edwardsiella
147 genus_details/Edwardsiella_filtered
Genus Enterobacter
24431 genus_details/Enterobacter
24431 genus_details/Enterobacter_filtered
Genus Neisseria
2263 genus_details/Neisseria
2263 genus_details/Neisseria_filtered
Genus Pseudomonas
15210 genus_details/Pseudomonas
15210 genus_details/Pseudomonas_filtered
Genus Streptococcus
8895 genus_details/Streptococcus
8895 genus_details/Streptococcus_filtered
